<?xml version="1.0" encoding="UTF-8"?>
<!-- Generated by org.testng.reporters.JUnitReportReporter -->
<testsuite name="pages.test2" tests="1" time="7.568" ignored="0" failures="0" timestamp="21 五月 2019 10:45:51 GMT" skipped="0" hostname="yongsongdeMacBook-Air.local" errors="0">
  <testcase name="test12" time="7.568" classname="pages.test2"/>
</testsuite> <!-- pages.test2 -->
