<?xml version="1.0" encoding="UTF-8"?>
<!-- Generated by org.testng.reporters.JUnitReportReporter -->
<testsuite name="pages.test3" tests="1" time="6.512" ignored="0" failures="0" timestamp="21 五月 2019 10:45:46 GMT" skipped="0" hostname="yongsongdeMacBook-Air.local" errors="0">
  <testcase name="test12" time="6.512" classname="pages.test3"/>
</testsuite> <!-- pages.test3 -->
